demos/main/buildout/intermediates/manifest_merge_blame_file/withDecoderExtensionsDebug/manifest-merger-blame-withDecoderExtensions-debug-report.txt
1<?xml version="1.0" encoding="utf-8"?>
2<!--
3 Copyright (C) 2016 The Android Open Source Project
4
5     Licensed under the Apache License, Version 2.0 (the "License");
6     you may not use this file except in compliance with the License.
7     You may obtain a copy of the License at
8
9          http://www.apache.org/licenses/LICENSE-2.0
10
11     Unless required by applicable law or agreed to in writing, software
12     distributed under the License is distributed on an "AS IS" BASIS,
13     WITHOUT WARRANTIES OR CONDITIONS OF ANY KIND, either express or implied.
14     See the License for the specific language governing permissions and
15     limitations under the License.
16-->
17<manifest xmlns:android="http://schemas.android.com/apk/res/android"
18    package="com.google.android.exoplayer2.demo"
19    android:versionCode="2015000"
20    android:versionName="2.15.0" >
21
22    <uses-sdk
22-->src/main/AndroidManifest.xml:29:3-14
23        android:minSdkVersion="16"
23-->src/main/AndroidManifest.xml:29:3-14
24        android:targetSdkVersion="29" />
24-->src/main/AndroidManifest.xml:29:3-14
25
26    <uses-permission android:name="android.permission.INTERNET" />
26-->src/main/AndroidManifest.xml:21:3-64
26-->src/main/AndroidManifest.xml:21:20-62
27    <uses-permission android:name="android.permission.ACCESS_NETWORK_STATE" />
27-->src/main/AndroidManifest.xml:22:3-76
27-->src/main/AndroidManifest.xml:22:20-74
28    <uses-permission android:name="android.permission.READ_EXTERNAL_STORAGE" />
28-->src/main/AndroidManifest.xml:23:3-77
28-->src/main/AndroidManifest.xml:23:20-75
29    <uses-permission android:name="android.permission.RECEIVE_BOOT_COMPLETED" />
29-->src/main/AndroidManifest.xml:24:3-78
29-->src/main/AndroidManifest.xml:24:20-76
30    <uses-permission android:name="android.permission.FOREGROUND_SERVICE" />
30-->src/main/AndroidManifest.xml:25:3-74
30-->src/main/AndroidManifest.xml:25:20-72
31
32    <uses-feature
32-->src/main/AndroidManifest.xml:27:3-84
33        android:name="android.software.leanback"
33-->src/main/AndroidManifest.xml:27:17-57
34        android:required="false" />
34-->src/main/AndroidManifest.xml:27:58-82
35    <uses-feature
35-->src/main/AndroidManifest.xml:28:3-87
36        android:name="android.hardware.touchscreen"
36-->src/main/AndroidManifest.xml:28:17-60
37        android:required="false" />
37-->src/main/AndroidManifest.xml:28:61-85
38    <uses-feature android:glEsVersion="0x00020000" />
38-->[:extension-vp9] AndroidManifest.xml:24:5-54
38-->[:extension-vp9] AndroidManifest.xml:24:19-51
39
40    <queries>
40-->[androidx.media:media:1.3.1] AndroidManifest.xml:24:5-28:15
41        <intent>
41-->[androidx.media:media:1.3.1] AndroidManifest.xml:25:9-27:18
42            <action android:name="android.media.browse.MediaBrowserService" />
42-->[androidx.media:media:1.3.1] AndroidManifest.xml:26:13-79
42-->[androidx.media:media:1.3.1] AndroidManifest.xml:26:21-76
43        </intent>
44    </queries>
45
46    <application
46-->src/main/AndroidManifest.xml:31:3-98:17
47        android:name="androidx.multidex.MultiDexApplication"
47-->src/main/AndroidManifest.xml:38:7-59
48        android:allowBackup="false"
48-->src/main/AndroidManifest.xml:36:7-34
49        android:appComponentFactory="androidx.core.app.CoreComponentFactory"
49-->[androidx.core:core:1.5.0] AndroidManifest.xml:24:18-86
50        android:banner="@drawable/ic_banner"
50-->src/main/AndroidManifest.xml:34:7-43
51        android:debuggable="true"
52        android:icon="@mipmap/ic_launcher"
52-->src/main/AndroidManifest.xml:33:7-41
53        android:label="@string/application_name"
53-->src/main/AndroidManifest.xml:32:7-47
54        android:largeHeap="true"
54-->src/main/AndroidManifest.xml:35:7-31
55        android:requestLegacyExternalStorage="true" >
55-->src/main/AndroidManifest.xml:37:7-50
56        <activity
56-->src/main/AndroidManifest.xml:41:5-63:16
57            android:name="com.google.android.exoplayer2.demo.SampleChooserActivity"
57-->src/main/AndroidManifest.xml:41:15-52
58            android:configChanges="keyboardHidden"
58-->src/main/AndroidManifest.xml:42:9-47
59            android:exported="true"
59-->src/main/AndroidManifest.xml:45:9-32
60            android:label="@string/application_name"
60-->src/main/AndroidManifest.xml:43:9-49
61            android:theme="@style/Theme.AppCompat" >
61-->src/main/AndroidManifest.xml:44:9-47
62            <intent-filter>
62-->src/main/AndroidManifest.xml:46:7-50:23
63                <action android:name="android.intent.action.MAIN" />
63-->src/main/AndroidManifest.xml:47:9-60
63-->src/main/AndroidManifest.xml:47:17-58
64
65                <category android:name="android.intent.category.LAUNCHER" />
65-->src/main/AndroidManifest.xml:48:9-68
65-->src/main/AndroidManifest.xml:48:19-66
66                <category android:name="android.intent.category.LEANBACK_LAUNCHER" />
66-->src/main/AndroidManifest.xml:49:9-77
66-->src/main/AndroidManifest.xml:49:19-75
67            </intent-filter>
68            <intent-filter>
68-->src/main/AndroidManifest.xml:51:7-62:23
69                <action android:name="android.intent.action.VIEW" />
69-->src/main/AndroidManifest.xml:52:9-60
69-->src/main/AndroidManifest.xml:52:17-58
70
71                <category android:name="android.intent.category.DEFAULT" />
71-->src/main/AndroidManifest.xml:53:9-67
71-->src/main/AndroidManifest.xml:53:19-65
72                <category android:name="android.intent.category.BROWSABLE" />
72-->src/main/AndroidManifest.xml:54:9-69
72-->src/main/AndroidManifest.xml:54:19-67
73
74                <data android:scheme="http" />
74-->src/main/AndroidManifest.xml:55:9-38
74-->src/main/AndroidManifest.xml:55:15-36
75                <data android:scheme="https" />
75-->src/main/AndroidManifest.xml:55:9-38
75-->src/main/AndroidManifest.xml:55:15-36
76                <data android:scheme="content" />
76-->src/main/AndroidManifest.xml:55:9-38
76-->src/main/AndroidManifest.xml:55:15-36
77                <data android:scheme="asset" />
77-->src/main/AndroidManifest.xml:55:9-38
77-->src/main/AndroidManifest.xml:55:15-36
78                <data android:scheme="file" />
78-->src/main/AndroidManifest.xml:55:9-38
78-->src/main/AndroidManifest.xml:55:15-36
79                <data android:host="*" />
79-->src/main/AndroidManifest.xml:55:9-38
79-->src/main/AndroidManifest.xml:60:15-31
80                <data android:pathPattern=".*\\.exolist\\.json" />
80-->src/main/AndroidManifest.xml:55:9-38
80-->src/main/AndroidManifest.xml:61:15-56
81            </intent-filter>
82        </activity>
83        <activity
83-->src/main/AndroidManifest.xml:65:5-84:16
84            android:name="com.google.android.exoplayer2.demo.PlayerActivity"
84-->src/main/AndroidManifest.xml:65:15-45
85            android:configChanges="keyboard|keyboardHidden|orientation|screenSize|screenLayout|smallestScreenSize|uiMode"
85-->src/main/AndroidManifest.xml:66:9-118
86            android:exported="true"
86-->src/main/AndroidManifest.xml:70:9-32
87            android:label="@string/application_name"
87-->src/main/AndroidManifest.xml:68:9-49
88            android:launchMode="singleTop"
88-->src/main/AndroidManifest.xml:67:9-39
89            android:theme="@style/PlayerTheme" >
89-->src/main/AndroidManifest.xml:69:9-43
90            <intent-filter>
90-->src/main/AndroidManifest.xml:71:7-79:23
91                <action android:name="com.google.android.exoplayer.demo.action.VIEW" />
91-->src/main/AndroidManifest.xml:72:9-79
91-->src/main/AndroidManifest.xml:72:17-77
92
93                <category android:name="android.intent.category.DEFAULT" />
93-->src/main/AndroidManifest.xml:53:9-67
93-->src/main/AndroidManifest.xml:53:19-65
94
95                <data android:scheme="http" />
95-->src/main/AndroidManifest.xml:55:9-38
95-->src/main/AndroidManifest.xml:55:15-36
96                <data android:scheme="https" />
96-->src/main/AndroidManifest.xml:55:9-38
96-->src/main/AndroidManifest.xml:55:15-36
97                <data android:scheme="content" />
97-->src/main/AndroidManifest.xml:55:9-38
97-->src/main/AndroidManifest.xml:55:15-36
98                <data android:scheme="asset" />
98-->src/main/AndroidManifest.xml:55:9-38
98-->src/main/AndroidManifest.xml:55:15-36
99                <data android:scheme="file" />
99-->src/main/AndroidManifest.xml:55:9-38
99-->src/main/AndroidManifest.xml:55:15-36
100            </intent-filter>
101            <intent-filter>
101-->src/main/AndroidManifest.xml:80:7-83:23
102                <action android:name="com.google.android.exoplayer.demo.action.VIEW_LIST" />
102-->src/main/AndroidManifest.xml:81:9-84
102-->src/main/AndroidManifest.xml:81:17-82
103
104                <category android:name="android.intent.category.DEFAULT" />
104-->src/main/AndroidManifest.xml:53:9-67
104-->src/main/AndroidManifest.xml:53:19-65
105            </intent-filter>
106        </activity>
107
108        <service
108-->src/main/AndroidManifest.xml:86:5-92:15
109            android:name="com.google.android.exoplayer2.demo.DemoDownloadService"
109-->src/main/AndroidManifest.xml:86:14-49
110            android:exported="false" >
110-->src/main/AndroidManifest.xml:87:9-33
111            <intent-filter>
111-->src/main/AndroidManifest.xml:88:7-91:23
112                <action android:name="com.google.android.exoplayer.downloadService.action.RESTART" />
112-->src/main/AndroidManifest.xml:89:9-93
112-->src/main/AndroidManifest.xml:89:17-91
113
114                <category android:name="android.intent.category.DEFAULT" />
114-->src/main/AndroidManifest.xml:53:9-67
114-->src/main/AndroidManifest.xml:53:19-65
115            </intent-filter>
116        </service>
117        <service
117-->src/main/AndroidManifest.xml:94:5-96:34
118            android:name="com.google.android.exoplayer2.scheduler.PlatformScheduler$PlatformSchedulerService"
118-->src/main/AndroidManifest.xml:94:14-111
119            android:exported="true"
119-->src/main/AndroidManifest.xml:96:9-32
120            android:permission="android.permission.BIND_JOB_SERVICE" />
120-->src/main/AndroidManifest.xml:95:9-65
121
122        <meta-data
122-->[:extension-ima] AndroidManifest.xml:25:9-27:36
123            android:name="com.google.android.gms.ads.AD_MANAGER_APP"
123-->[:extension-ima] AndroidManifest.xml:26:13-69
124            android:value="true" />
124-->[:extension-ima] AndroidManifest.xml:27:13-33
125        <meta-data
125-->[:extension-ima] AndroidManifest.xml:28:9-30:69
126            android:name="com.google.android.gms.version"
126-->[:extension-ima] AndroidManifest.xml:29:13-58
127            android:value="@integer/google_play_services_version" />
127-->[:extension-ima] AndroidManifest.xml:30:13-66
128
129        <activity
129-->[com.google.android.gms:play-services-base:17.6.0] AndroidManifest.xml:23:9-26:75
130            android:name="com.google.android.gms.common.api.GoogleApiActivity"
130-->[com.google.android.gms:play-services-base:17.6.0] AndroidManifest.xml:24:13-79
131            android:exported="false"
131-->[com.google.android.gms:play-services-base:17.6.0] AndroidManifest.xml:25:13-37
132            android:theme="@android:style/Theme.Translucent.NoTitleBar" />
132-->[com.google.android.gms:play-services-base:17.6.0] AndroidManifest.xml:26:13-72
133    </application>
134
135</manifest>